Listening on port 4200
Connexion à MySQL réussite
Connexion à MySQL réussite
Connexion à MySQL réussite
Connexion à MySQL réussite
Connexion à MySQL réussite
Connexion à MySQL réussite
Listening on port 4200
Connexion à MySQL réussite
Connexion à MySQL réussite
Connexion à MySQL réussite
Connexion à MySQL réussite
Connexion à MySQL réussite
Connexion à MySQL réussite
Listening on port 4200
Connexion à MySQL réussite
Connexion à MySQL réussite
Connexion à MySQL réussite
Connexion à MySQL réussite
Connexion à MySQL réussite
Connexion à MySQL réussite
port: 4200 is already in use.
port: 4200 is already in use.
port: 4200 is already in use.
events.js:174
      throw er; // Unhandled 'error' event
      ^

Error: read ECONNRESET
    at TCP.onStreamRead (internal/stream_base_commons.js:111:27)
Emitted 'error' event at:
    at Connection._handleProtocolError (/home/leconsul/nodevenv/app/10/lib/node_modules/mysql/lib/Connection.js:423:8)
    at Protocol.emit (events.js:198:13)
    at Protocol._delegateError (/home/leconsul/nodevenv/app/10/lib/node_modules/mysql/lib/protocol/Protocol.js:398:10)
    at Protocol.handleNetworkError (/home/leconsul/nodevenv/app/10/lib/node_modules/mysql/lib/protocol/Protocol.js:371:10)
    at Connection._handleNetworkError (/home/leconsul/nodevenv/app/10/lib/node_modules/mysql/lib/Connection.js:418:18)
    at Socket.emit (events.js:198:13)
    at emitErrorNT (internal/streams/destroy.js:91:8)
    at emitErrorAndCloseNT (internal/streams/destroy.js:59:3)
    at process._tickCallback (internal/process/next_tick.js:63:19)
Listening on port 4200
Connexion à MySQL réussite
Connexion à MySQL réussite
Connexion à MySQL réussite
Connexion à MySQL réussite
Connexion à MySQL réussite
Connexion à MySQL réussite
Listening on port 4200
Connexion à MySQL réussite
Connexion à MySQL réussite
Connexion à MySQL réussite
Connexion à MySQL réussite
Connexion à MySQL réussite
Connexion à MySQL réussite
Listening on port 4200
Connexion à MySQL réussite
Connexion à MySQL réussite
Connexion à MySQL réussite
Connexion à MySQL réussite
Connexion à MySQL réussite
Connexion à MySQL réussite
events.js:174
      throw er; // Unhandled 'error' event
      ^

Error: read ECONNRESET
    at TCP.onStreamRead (internal/stream_base_commons.js:111:27)
Emitted 'error' event at:
    at Connection._handleProtocolError (/home/leconsul/nodevenv/app/10/lib/node_modules/mysql/lib/Connection.js:423:8)
    at Protocol.emit (events.js:198:13)
    at Protocol._delegateError (/home/leconsul/nodevenv/app/10/lib/node_modules/mysql/lib/protocol/Protocol.js:398:10)
    at Protocol.handleNetworkError (/home/leconsul/nodevenv/app/10/lib/node_modules/mysql/lib/protocol/Protocol.js:371:10)
    at Connection._handleNetworkError (/home/leconsul/nodevenv/app/10/lib/node_modules/mysql/lib/Connection.js:418:18)
    at Socket.emit (events.js:198:13)
    at emitErrorNT (internal/streams/destroy.js:91:8)
    at emitErrorAndCloseNT (internal/streams/destroy.js:59:3)
    at process._tickCallback (internal/process/next_tick.js:63:19)
